# JRE version: OpenJDK Runtime Environment (17.0.6) (build 17.0.6+0-b2043.56-9586694)
# Java VM: OpenJDK 64-Bit Server VM (17.0.6+0-b2043.56-9586694, mixed mode, tiered, compressed oops, compressed class ptrs, g1 gc, windows-amd64)
GC Precious Log:
 CPUs: 4 total, 4 available
 Memory: 8071M
 Large Page Support: Disabled
 NUMA Support: Disabled
 Compressed Oops: Enabled (32-bit)
 Heap Region Size: 1M
 Heap Min Capacity: 8M
 Heap Initial Capacity: 128M
 Heap Max Capacity: 2G
 Pre-touch: Disabled
 Parallel Workers: 4
 Concurrent Workers: 1
 Concurrent Refinement Workers: 4
 Periodic GC: Disabled
Heap:
 garbage-first heap   total 238592K, used 179991K [0x0000000080000000, 0x0000000100000000)
  region size 1024K, 4 young (4096K), 4 survivors (4096K)
 Metaspace       used 118846K, committed 119552K, reserved 1155072K
  class space    used 15630K, committed 15936K, reserved 1048576K
GC Heap History (20 events):
Event: 61.090 GC heap after
{Heap after GC invocations=47 (full 0):
 garbage-first heap   total 175104K, used 106496K [0x0000000080000000, 0x0000000100000000)
  region size 1024K, 6 young (6144K), 6 survivors (6144K)
 Metaspace       used 105952K, committed 106688K, reserved 1146880K
  class space    used 14232K, committed 14592K, reserved 1048576K
}
Event: 63.341 GC heap before
{Heap before GC invocations=48 (full 0):
 garbage-first heap   total 198656K, used 141312K [0x0000000080000000, 0x0000000100000000)
  region size 1024K, 38 young (38912K), 6 survivors (6144K)
 Metaspace       used 106450K, committed 107200K, reserved 1146880K
  class space    used 14265K, committed 14656K, reserved 1048576K
}
Event: 63.415 GC heap after
{Heap after GC invocations=49 (full 0):
 garbage-first heap   total 198656K, used 119808K [0x0000000080000000, 0x0000000100000000)
  region size 1024K, 5 young (5120K), 5 survivors (5120K)
 Metaspace       used 106450K, committed 107200K, reserved 1146880K
  class space    used 14265K, committed 14656K, reserved 1048576K
}
Event: 64.155 GC heap before
{Heap before GC invocations=49 (full 0):
 garbage-first heap   total 198656K, used 132096K [0x0000000080000000, 0x0000000100000000)
  region size 1024K, 9 young (9216K), 5 survivors (5120K)
 Metaspace       used 106547K, committed 107264K, reserved 1146880K
  class space    used 14276K, committed 14656K, reserved 1048576K
}
Event: 64.198 GC heap after
{Heap after GC invocations=50 (full 0):
 garbage-first heap   total 238592K, used 121342K [0x0000000080000000, 0x0000000100000000)
  region size 1024K, 1 young (1024K), 1 survivors (1024K)
 Metaspace       used 106547K, committed 107264K, reserved 1146880K
  class space    used 14276K, committed 14656K, reserved 1048576K
}
Event: 69.078 GC heap before
{Heap before GC invocations=50 (full 0):
 garbage-first heap   total 238592K, used 190974K [0x0000000080000000, 0x0000000100000000)
  region size 1024K, 55 young (56320K), 1 survivors (1024K)
 Metaspace       used 107863K, committed 108608K, reserved 1146880K
  class space    used 14382K, committed 14720K, reserved 1048576K
}
Event: 69.105 GC heap after
{Heap after GC invocations=51 (full 0):
 garbage-first heap   total 238592K, used 128323K [0x0000000080000000, 0x0000000100000000)
  region size 1024K, 7 young (7168K), 7 survivors (7168K)
 Metaspace       used 107863K, committed 108608K, reserved 1146880K
  class space    used 14382K, committed 14720K, reserved 1048576K
}
Event: 72.294 GC heap before
{Heap before GC invocations=52 (full 0):
 garbage-first heap   total 238592K, used 180547K [0x0000000080000000, 0x0000000100000000)
  region size 1024K, 59 young (60416K), 7 survivors (7168K)
 Metaspace       used 110655K, committed 111424K, reserved 1146880K
  class space    used 14612K, committed 14976K, reserved 1048576K
}
Event: 72.350 GC heap after
{Heap after GC invocations=53 (full 0):
 garbage-first heap   total 238592K, used 137139K [0x0000000080000000, 0x0000000100000000)
  region size 1024K, 8 young (8192K), 8 survivors (8192K)
 Metaspace       used 110655K, committed 111424K, reserved 1146880K
  class space    used 14612K, committed 14976K, reserved 1048576K
}
Event: 72.409 GC heap before
{Heap before GC invocations=53 (full 0):
 garbage-first heap   total 238592K, used 140211K [0x0000000080000000, 0x0000000100000000)
  region size 1024K, 11 young (11264K), 8 survivors (8192K)
 Metaspace       used 110699K, committed 111424K, reserved 1146880K
  class space    used 14614K, committed 14976K, reserved 1048576K
}
Event: 72.430 GC heap after
{Heap after GC invocations=54 (full 0):
 garbage-first heap   total 238592K, used 137755K [0x0000000080000000, 0x0000000100000000)
  region size 1024K, 2 young (2048K), 2 survivors (2048K)
 Metaspace       used 110699K, committed 111424K, reserved 1146880K
  class space    used 14614K, committed 14976K, reserved 1048576K
}
Event: 76.137 GC heap before
{Heap before GC invocations=54 (full 0):
 garbage-first heap   total 238592K, used 185883K [0x0000000080000000, 0x0000000100000000)
  region size 1024K, 49 young (50176K), 2 survivors (2048K)
 Metaspace       used 112146K, committed 112832K, reserved 1146880K
  class space    used 14783K, committed 15104K, reserved 1048576K
}
Event: 76.149 GC heap after
{Heap after GC invocations=55 (full 0):
 garbage-first heap   total 238592K, used 138384K [0x0000000080000000, 0x0000000100000000)
  region size 1024K, 3 young (3072K), 3 survivors (3072K)
 Metaspace       used 112146K, committed 112832K, reserved 1146880K
  class space    used 14783K, committed 15104K, reserved 1048576K
}
Event: 78.850 GC heap before
{Heap before GC invocations=55 (full 0):
 garbage-first heap   total 238592K, used 188560K [0x0000000080000000, 0x0000000100000000)
  region size 1024K, 53 young (54272K), 3 survivors (3072K)
 Metaspace       used 114033K, committed 114688K, reserved 1155072K
  class space    used 14992K, committed 15296K, reserved 1048576K
}
Event: 78.861 GC heap after
{Heap after GC invocations=56 (full 0):
 garbage-first heap   total 238592K, used 140738K [0x0000000080000000, 0x0000000100000000)
  region size 1024K, 5 young (5120K), 5 survivors (5120K)
 Metaspace       used 114033K, committed 114688K, reserved 1155072K
  class space    used 14992K, committed 15296K, reserved 1048576K
}
Event: 81.128 GC heap before
{Heap before GC invocations=56 (full 0):
 garbage-first heap   total 238592K, used 203202K [0x0000000080000000, 0x0000000100000000)
  region size 1024K, 56 young (57344K), 5 survivors (5120K)
 Metaspace       used 115237K, committed 115968K, reserved 1155072K
  class space    used 15145K, committed 15488K, reserved 1048576K
}
Event: 81.144 GC heap after
{Heap after GC invocations=57 (full 0):
 garbage-first heap   total 238592K, used 157768K [0x0000000080000000, 0x0000000100000000)
  region size 1024K, 7 young (7168K), 7 survivors (7168K)
 Metaspace       used 115237K, committed 115968K, reserved 1155072K
  class space    used 15145K, committed 15488K, reserved 1048576K
}
Event: 82.394 GC heap before
{Heap before GC invocations=57 (full 0):
 garbage-first heap   total 238592K, used 212040K [0x0000000080000000, 0x0000000100000000)
  region size 1024K, 40 young (40960K), 7 survivors (7168K)
 Metaspace       used 117988K, committed 118720K, reserved 1155072K
  class space    used 15518K, committed 15872K, reserved 1048576K
}
Event: 82.418 GC heap after
{Heap after GC invocations=58 (full 0):
 garbage-first heap   total 238592K, used 173799K [0x0000000080000000, 0x0000000100000000)
  region size 1024K, 5 young (5120K), 5 survivors (5120K)
 Metaspace       used 117988K, committed 118720K, reserved 1155072K
  class space    used 15518K, committed 15872K, reserved 1048576K
}
Event: 83.255 GC heap before
{Heap before GC invocations=58 (full 0):
 garbage-first heap   total 238592K, used 205543K [0x0000000080000000, 0x0000000100000000)
  region size 1024K, 31 young (31744K), 5 survivors (5120K)
 Metaspace       used 118846K, committed 119552K, reserved 1155072K
  class space    used 15630K, committed 15936K, reserved 1048576K
}

